Warning[2066] D:\Workspace\Embeded\mplab\Shenkar\beni + michael final project\main.c 418 : type qualifier mismatch in assignment
Warning[2054] D:\Workspace\Embeded\mplab\Shenkar\beni + michael final project\main.c 594 : suspicious pointer conversion
Warning[2054] D:\Workspace\Embeded\mplab\Shenkar\beni + michael final project\main.c 595 : suspicious pointer conversion
Warning[2054] D:\Workspace\Embeded\mplab\Shenkar\beni + michael final project\main.c 596 : suspicious pointer conversion
Warning[2054] D:\Workspace\Embeded\mplab\Shenkar\beni + michael final project\main.c 597 : suspicious pointer conversion
Warning[2054] D:\Workspace\Embeded\mplab\Shenkar\beni + michael final project\main.c 598 : suspicious pointer conversion
Warning[2058] D:\Workspace\Embeded\mplab\Shenkar\beni + michael final project\main.c 600 : call of function without prototype
Warning[2058] D:\Workspace\Embeded\mplab\Shenkar\beni + michael final project\main.c 613 : call of function without prototype
Warning[2058] D:\Workspace\Embeded\mplab\Shenkar\beni + michael final project\main.c 616 : call of function without prototype
Warning[2058] D:\Workspace\Embeded\mplab\Shenkar\beni + michael final project\main.c 619 : call of function without prototype
Warning[2058] D:\Workspace\Embeded\mplab\Shenkar\beni + michael final project\main.c 626 : call of function without prototype
Warning[2054] D:\Workspace\Embeded\mplab\Shenkar\beni + michael final project\main.c 644 : suspicious pointer conversion
Warning[2054] D:\Workspace\Embeded\mplab\Shenkar\beni + michael final project\main.c 645 : suspicious pointer conversion
Warning[2054] D:\Workspace\Embeded\mplab\Shenkar\beni + michael final project\main.c 646 : suspicious pointer conversion
Warning[2058] D:\Workspace\Embeded\mplab\Shenkar\beni + michael final project\main.c 648 : call of function without prototype
Warning[2068] D:\Workspace\Embeded\mplab\Shenkar\beni + michael final project\main.c 679 : obsolete use of implicit 'int' detected
Warning[2058] D:\Workspace\Embeded\mplab\Shenkar\beni + michael final project\main.c 697 : call of function without prototype
Warning[2058] D:\Workspace\Embeded\mplab\Shenkar\beni + michael final project\main.c 698 : call of function without prototype
Warning[2053] D:\Workspace\Embeded\mplab\Shenkar\beni + michael final project\main.c 761 : return value expected
Warning[2053] D:\Workspace\Embeded\mplab\Shenkar\beni + michael final project\main.c 765 : return value expected
Warning[2068] D:\Workspace\Embeded\mplab\Shenkar\beni + michael final project\main.c 770 : obsolete use of implicit 'int' detected
Warning[2066] D:\Workspace\Embeded\mplab\Shenkar\beni + michael final project\main.c 773 : type qualifier mismatch in assignment
Warning[2058] D:\Workspace\Embeded\mplab\Shenkar\beni + michael final project\main.c 794 : call of function without prototype
Warning[2058] D:\Workspace\Embeded\mplab\Shenkar\beni + michael final project\main.c 795 : call of function without prototype
Warning[2068] D:\Workspace\Embeded\mplab\Shenkar\beni + michael final project\main.c 841 : obsolete use of implicit 'int' detected
Warning[2066] D:\Workspace\Embeded\mplab\Shenkar\beni + michael final project\main.c 844 : type qualifier mismatch in assignment
Warning[2058] D:\Workspace\Embeded\mplab\Shenkar\beni + michael final project\main.c 862 : call of function without prototype
Warning[2058] D:\Workspace\Embeded\mplab\Shenkar\beni + michael final project\main.c 863 : call of function without prototype
Warning[2058] D:\Workspace\Embeded\mplab\Shenkar\beni + michael final project\main.c 930 : call of function without prototype
Warning[2058] D:\Workspace\Embeded\mplab\Shenkar\beni + michael final project\main.c 933 : call of function without prototype
Warning[2058] D:\Workspace\Embeded\mplab\Shenkar\beni + michael final project\main.c 936 : call of function without prototype
Warning[2058] D:\Workspace\Embeded\mplab\Shenkar\beni + michael final project\main.c 939 : call of function without prototype
Warning[2058] D:\Workspace\Embeded\mplab\Shenkar\beni + michael final project\main.c 942 : call of function without prototype
Warning[2058] D:\Workspace\Embeded\mplab\Shenkar\beni + michael final project\main.c 945 : call of function without prototype
Warning[2058] D:\Workspace\Embeded\mplab\Shenkar\beni + michael final project\main.c 948 : call of function without prototype
Warning[2058] D:\Workspace\Embeded\mplab\Shenkar\beni + michael final project\main.c 951 : call of function without prototype
Warning[2058] D:\Workspace\Embeded\mplab\Shenkar\beni + michael final project\main.c 954 : call of function without prototype
Warning[2058] D:\Workspace\Embeded\mplab\Shenkar\beni + michael final project\main.c 957 : call of function without prototype
Warning[2058] D:\Workspace\Embeded\mplab\Shenkar\beni + michael final project\main.c 1015 : call of function without prototype
Warning[2058] D:\Workspace\Embeded\mplab\Shenkar\beni + michael final project\main.c 1027 : call of function without prototype
Warning[2065] D:\Workspace\Embeded\mplab\Shenkar\beni + michael final project\main.c 1027 : static function 'YourLowPriorityISRCode' never referenced
Warning[2065] D:\Workspace\Embeded\mplab\Shenkar\beni + michael final project\main.c 1027 : static function 'YourHighPriorityISRCode' never referenced
Warning[2065] D:\Workspace\Embeded\mplab\Shenkar\beni + michael final project\main.c 1027 : static function 'YourLowPriorityISRCode' never referenced
Warning[2065] D:\Workspace\Embeded\mplab\Shenkar\beni + michael final project\main.c 1027 : static function 'YourHighPriorityISRCode' never referenced
Warning[2064] D:\Workspace\Embeded\mplab\Shenkar\beni + michael final project\main.c 1027 : static function 'ProcessIO' not defined
